<?xml version="1.0" encoding="UTF-8"?>
<!-- Generated by org.testng.reporters.JUnitXMLReporter -->
<testsuite ignored="0" hostname="DESKTOP-5EVK54D" failures="0" tests="4" name="Default test" time="19.444" errors="0" timestamp="2023-07-15T08:29:16 IST">
  <testcase classname="com.spotify.tests.PlaylistTest" name="createPlayList" time="14.513"/>
  <testcase classname="com.spotify.tests.PlaylistTest" name="getAPlayList" time="1.622"/>
  <testcase classname="com.spotify.tests.PlaylistTest" name="changeUserPlaylist" time="1.989"/>
  <testcase classname="com.spotify.tests.PlaylistTest" name="shouldNotBeAbleToCreatePlaylist" time="0.843"/>
</testsuite> <!-- Default test -->
