<?xml version="1.0" encoding="UTF-8"?>
<!-- Generated by org.testng.reporters.JUnitXMLReporter -->
<testsuite ignored="0" hostname="DESKTOP-5EVK54D" failures="1" tests="4" name="Test" time="22.595" errors="0" timestamp="2023-07-15T08:42:22 IST">
  <testcase classname="com.spotify.tests.PlaylistTest" name="createPlayList" time="16.138"/>
  <testcase classname="com.spotify.tests.PlaylistTest" name="getAPlayList" time="1.158"/>
  <testcase classname="com.spotify.tests.PlaylistTest" name="changeUserPlaylist" time="1.297"/>
  <testcase classname="com.spotify.tests.PlaylistTest" name="shouldNotBeAbleToCreatePlaylist" time="3.469">
    <failure type="java.lang.AssertionError" message="expected [400] but found [401]">
      <![CDATA[java.lang.AssertionError: expected [400] but found [401]
at com.spotify.tests.PlaylistTest.shouldNotBeAbleToCreatePlaylist(PlaylistTest.java:101)
at java.base/java.util.ArrayList.forEach(ArrayList.java:1541)
... Removed 38 stack frames]]>
    </failure>
  </testcase> <!-- shouldNotBeAbleToCreatePlaylist -->
</testsuite> <!-- Test -->
