<?xml version="1.0" encoding="UTF-8"?>
<testsuite xmlns:xsi="http://www.w3.org/2001/XMLSchema-instance" xsi:noNamespaceSchemaLocation="https://maven.apache.org/surefire/maven-surefire-plugin/xsd/surefire-test-report-3.0.xsd" version="3.0" name="TestSuite" time="28.13" tests="4" errors="0" skipped="0" failures="1">
  <properties>
[...]
</properties>
  <testcase name="createPlayList" classname="com.spotify.tests.PlaylistTest" time="16.414">
    <system-out><![CDATA[Request method:	POST
Request URI:	https://api.spotify.com/v1/users/31q36j7z4gu5fg2mawtfmlskhp74/playlists
Proxy:			<none>
Request params:	<none>
Query params:	<none>
Form params:	<none>
Path params:	<none>
Headers:		Accept=*/*
				Content-Type=application/json
Cookies:		<none>
Multiparts:		<none>
Body:
{
    "description": "This is ATT collection",
    "name": "ATT Batch july playlist",
    "public": false
}
HTTP/1.1 201 Created
content-type: application/json; charset=utf-8
cache-control: private, max-age=0
location: https://api.spotify.com/v1/playlists/6cat5OVn1x45EMNI4M87TP
x-robots-tag: noindex, nofollow
access-control-allow-origin: *
access-control-allow-headers: Accept, App-Platform, Authorization, Content-Type, Origin, Retry-After, Spotify-App-Version, X-Cloud-Trace-Context, client-token, content-access-token
access-control-allow-methods: GET, POST, OPTIONS, PUT, DELETE, PATCH
access-control-allow-credentials: true
access-control-max-age: 604800
content-encoding: gzip
strict-transport-security: max-age=31536000
x-content-type-options: nosniff
date: Sat, 15 Jul 2023 03:12:15 GMT
server: envoy
Via: HTTP/2 edgeproxy, 1.1 google
Alt-Svc: h3=":443"; ma=2592000,h3-29=":443"; ma=2592000
Transfer-Encoding: chunked

{
    "collaborative": false,
    "description": "This is ATT collection",
    "external_urls": {
        "spotify": "https://open.spotify.com/playlist/6cat5OVn1x45EMNI4M87TP"
    },
    "followers": {
        "href": null,
        "total": 0
    },
    "href": "https://api.spotify.com/v1/playlists/6cat5OVn1x45EMNI4M87TP",
    "id": "6cat5OVn1x45EMNI4M87TP",
    "images": [
        
    ],
    "name": "ATT Batch july playlist",
    "owner": {
        "display_name": "Velocity ATT",
        "external_urls": {
            "spotify": "https://open.spotify.com/user/31q36j7z4gu5fg2mawtfmlskhp74"
        },
        "href": "https://api.spotify.com/v1/users/31q36j7z4gu5fg2mawtfmlskhp74",
        "id": "31q36j7z4gu5fg2mawtfmlskhp74",
        "type": "user",
        "uri": "spotify:user:31q36j7z4gu5fg2mawtfmlskhp74"
    },
    "primary_color": null,
    "public": false,
    "snapshot_id": "MSxlZjU0M2ZkMjZmNmM4YzA4MzFjMTlkMzE4MjZmOGIxNjgxODljMzVl",
    "tracks": {
        "href": "https://api.spotify.com/v1/playlists/6cat5OVn1x45EMNI4M87TP/tracks",
        "items": [
            
        ],
        "limit": 100,
        "next": null,
        "offset": 0,
        "previous": null,
        "total": 0
    },
    "type": "playlist",
    "uri": "spotify:playlist:6cat5OVn1x45EMNI4M87TP"
}
]]></system-out>
    <system-err><![CDATA[SLF4J: Failed to load class "org.slf4j.impl.StaticLoggerBinder".
SLF4J: Defaulting to no-operation (NOP) logger implementation
SLF4J: See http://www.slf4j.org/codes.html#StaticLoggerBinder for further details.
]]></system-err>
  </testcase>
  <testcase name="getAPlayList" classname="com.spotify.tests.PlaylistTest" time="1.198">
    <system-out><![CDATA[Request method:	GET
Request URI:	https://api.spotify.com/v1/playlists/6cat5OVn1x45EMNI4M87TP
Proxy:			<none>
Request params:	<none>
Query params:	<none>
Form params:	<none>
Path params:	<none>
Headers:		Accept=*/*
				Content-Type=application/json
Cookies:		<none>
Multiparts:		<none>
Body:			<none>
HTTP/1.1 200 OK
content-type: application/json; charset=utf-8
cache-control: public, max-age=0
etag: "MC-ImI5NDI1MWQwZTc1MzI3MDIxZmIxMjZjOTFmZWJmMjU4Ig=="
x-robots-tag: noindex, nofollow
access-control-allow-origin: *
access-control-allow-headers: Accept, App-Platform, Authorization, Content-Type, Origin, Retry-After, Spotify-App-Version, X-Cloud-Trace-Context, client-token, content-access-token
access-control-allow-methods: GET, POST, OPTIONS, PUT, DELETE, PATCH
access-control-allow-credentials: true
access-control-max-age: 604800
content-encoding: gzip
strict-transport-security: max-age=31536000
x-content-type-options: nosniff
date: Sat, 15 Jul 2023 03:12:17 GMT
server: envoy
Via: HTTP/2 edgeproxy, 1.1 google
Alt-Svc: h3=":443"; ma=2592000,h3-29=":443"; ma=2592000
Transfer-Encoding: chunked

{
    "collaborative": false,
    "description": "This is ATT collection",
    "external_urls": {
        "spotify": "https://open.spotify.com/playlist/6cat5OVn1x45EMNI4M87TP"
    },
    "followers": {
        "href": null,
        "total": 0
    },
    "href": "https://api.spotify.com/v1/playlists/6cat5OVn1x45EMNI4M87TP",
    "id": "6cat5OVn1x45EMNI4M87TP",
    "images": [
        
    ],
    "name": "ATT Batch july playlist",
    "owner": {
        "display_name": "Velocity ATT",
        "external_urls": {
            "spotify": "https://open.spotify.com/user/31q36j7z4gu5fg2mawtfmlskhp74"
        },
        "href": "https://api.spotify.com/v1/users/31q36j7z4gu5fg2mawtfmlskhp74",
        "id": "31q36j7z4gu5fg2mawtfmlskhp74",
        "type": "user",
        "uri": "spotify:user:31q36j7z4gu5fg2mawtfmlskhp74"
    },
    "primary_color": null,
    "public": false,
    "snapshot_id": "Miw1NDcxNDcwYTNiYWRiYzE4YWI5ZDBkYjAwMWUxYTRjMjVkYjQxYmNi",
    "tracks": {
        "href": "https://api.spotify.com/v1/playlists/6cat5OVn1x45EMNI4M87TP/tracks?offset=0&limit=100",
        "items": [
            
        ],
        "limit": 100,
        "next": null,
        "offset": 0,
        "previous": null,
        "total": 0
    },
    "type": "playlist",
    "uri": "spotify:playlist:6cat5OVn1x45EMNI4M87TP"
}
]]></system-out>
  </testcase>
  <testcase name="changeUserPlaylist" classname="com.spotify.tests.PlaylistTest" time="1.261">
    <system-out><![CDATA[Request method:	PUT
Request URI:	https://api.spotify.com/v1/playlists/6cat5OVn1x45EMNI4M87TP
Proxy:			<none>
Request params:	<none>
Query params:	<none>
Form params:	<none>
Path params:	<none>
Headers:		Accept=*/*
				Content-Type=application/json
Cookies:		<none>
Multiparts:		<none>
Body:
{
    "description": "This is ATT collection",
    "name": "ATT Batch july playlistupdated value",
    "public": false
}
]]></system-out>
  </testcase>
  <testcase name="shouldNotBeAbleToCreatePlaylist" classname="com.spotify.tests.PlaylistTest" time="3.515">
    <failure message="expected [400] but found [401]" type="java.lang.AssertionError"><![CDATA[java.lang.AssertionError: expected [400] but found [401]
	at org.testng.Assert.fail(Assert.java:110)
	at org.testng.Assert.failNotEquals(Assert.java:1577)
	at org.testng.Assert.assertEqualsImpl(Assert.java:149)
	at org.testng.Assert.assertEquals(Assert.java:131)
	at org.testng.Assert.assertEquals(Assert.java:1418)
	at org.testng.Assert.assertEquals(Assert.java:1382)
	at org.testng.Assert.assertEquals(Assert.java:1428)
	at com.spotify.tests.PlaylistTest.shouldNotBeAbleToCreatePlaylist(PlaylistTest.java:101)
	at java.base/jdk.internal.reflect.NativeMethodAccessorImpl.invoke0(Native Method)
	at java.base/jdk.internal.reflect.NativeMethodAccessorImpl.invoke(NativeMethodAccessorImpl.java:62)
	at java.base/jdk.internal.reflect.DelegatingMethodAccessorImpl.invoke(DelegatingMethodAccessorImpl.java:43)
	at java.base/java.lang.reflect.Method.invoke(Method.java:566)
	at org.testng.internal.invokers.MethodInvocationHelper.invokeMethod(MethodInvocationHelper.java:139)
	at org.testng.internal.invokers.TestInvoker.invokeMethod(TestInvoker.java:677)
	at org.testng.internal.invokers.TestInvoker.invokeTestMethod(TestInvoker.java:221)
	at org.testng.internal.invokers.MethodRunner.runInSequence(MethodRunner.java:50)
	at org.testng.internal.invokers.TestInvoker$MethodInvocationAgent.invoke(TestInvoker.java:969)
	at org.testng.internal.invokers.TestInvoker.invokeTestMethods(TestInvoker.java:194)
	at org.testng.internal.invokers.TestMethodWorker.invokeTestMethods(TestMethodWorker.java:148)
	at org.testng.internal.invokers.TestMethodWorker.run(TestMethodWorker.java:128)
	at java.base/java.util.ArrayList.forEach(ArrayList.java:1541)
	at org.testng.TestRunner.privateRun(TestRunner.java:829)
	at org.testng.TestRunner.run(TestRunner.java:602)
	at org.testng.SuiteRunner.runTest(SuiteRunner.java:437)
	at org.testng.SuiteRunner.runSequentially(SuiteRunner.java:431)
	at org.testng.SuiteRunner.privateRun(SuiteRunner.java:391)
	at org.testng.SuiteRunner.run(SuiteRunner.java:330)
	at org.testng.SuiteRunnerWorker.runSuite(SuiteRunnerWorker.java:52)
	at org.testng.SuiteRunnerWorker.run(SuiteRunnerWorker.java:95)
	at org.testng.TestNG.runSuitesSequentially(TestNG.java:1256)
	at org.testng.TestNG.runSuitesLocally(TestNG.java:1176)
	at org.testng.TestNG.runSuites(TestNG.java:1099)
	at org.testng.TestNG.run(TestNG.java:1067)
	at org.apache.maven.surefire.testng.TestNGExecutor.run(TestNGExecutor.java:308)
	at org.apache.maven.surefire.testng.TestNGXmlTestSuite.execute(TestNGXmlTestSuite.java:71)
	at org.apache.maven.surefire.testng.TestNGProvider.invoke(TestNGProvider.java:113)
	at org.apache.maven.surefire.booter.ForkedBooter.runSuitesInProcess(ForkedBooter.java:385)
	at org.apache.maven.surefire.booter.ForkedBooter.execute(ForkedBooter.java:162)
	at org.apache.maven.surefire.booter.ForkedBooter.run(ForkedBooter.java:507)
	at org.apache.maven.surefire.booter.ForkedBooter.main(ForkedBooter.java:495)
]]></failure>
    <system-out><![CDATA[Request method:	POST
Request URI:	https://api.spotify.com/v1/users/31q36j7z4gu5fg2mawtfmlskhp74/playlists
Proxy:			<none>
Request params:	<none>
Query params:	<none>
Form params:	<none>
Path params:	<none>
Headers:		Accept=*/*
				Content-Type=application/json
Cookies:		<none>
Multiparts:		<none>
Body:
{
    "description": "This is ATT collection",
    "name": "ATT Batch july playlist",
    "public": false
}
HTTP/1.1 401 Unauthorized
www-authenticate: Bearer realm="spotify", error="invalid_token", error_description="Invalid access token"
access-control-allow-origin: *
access-control-allow-headers: Accept, App-Platform, Authorization, Content-Type, Origin, Retry-After, Spotify-App-Version, X-Cloud-Trace-Context, client-token, content-access-token
access-control-allow-methods: GET, POST, OPTIONS, PUT, DELETE, PATCH
access-control-allow-credentials: true
access-control-max-age: 604800
content-type: application/json
content-encoding: gzip
strict-transport-security: max-age=31536000
x-content-type-options: nosniff
date: Sat, 15 Jul 2023 03:12:22 GMT
server: envoy
Via: HTTP/2 edgeproxy, 1.1 google
Alt-Svc: h3=":443"; ma=2592000,h3-29=":443"; ma=2592000
Transfer-Encoding: chunked

{
    "error": {
        "status": 401,
        "message": "Invalid access token"
    }
}
]]></system-out>
  </testcase>
</testsuite>