<?xml version="1.0" encoding="UTF-8"?>
<testng-results ignored="0" total="4" passed="4" failed="0" skipped="0">
  <reporter-output>
  </reporter-output>
  <suite started-at="2023-07-15T08:28:56 IST" name="Default suite" finished-at="2023-07-15T08:29:16 IST" duration-ms="19444">
    <groups>
    </groups>
    <test started-at="2023-07-15T08:28:56 IST" name="Default test" finished-at="2023-07-15T08:29:16 IST" duration-ms="19444">
      <class name="com.spotify.tests.PlaylistTest">
        <test-method signature="createPlayList()[pri:1, instance:com.spotify.tests.PlaylistTest@234a8f27]" started-at="2023-07-15T08:28:56 IST" name="createPlayList" finished-at="2023-07-15T08:29:11 IST" duration-ms="14513" status="PASS">
          <reporter-output>
          </reporter-output>
        </test-method> <!-- createPlayList -->
        <test-method signature="getAPlayList()[pri:2, instance:com.spotify.tests.PlaylistTest@234a8f27]" started-at="2023-07-15T08:29:11 IST" name="getAPlayList" finished-at="2023-07-15T08:29:13 IST" duration-ms="1622" status="PASS">
          <reporter-output>
          </reporter-output>
        </test-method> <!-- getAPlayList -->
        <test-method signature="changeUserPlaylist()[pri:3, instance:com.spotify.tests.PlaylistTest@234a8f27]" started-at="2023-07-15T08:29:13 IST" name="changeUserPlaylist" finished-at="2023-07-15T08:29:15 IST" duration-ms="1989" status="PASS">
          <reporter-output>
          </reporter-output>
        </test-method> <!-- changeUserPlaylist -->
        <test-method signature="shouldNotBeAbleToCreatePlaylist()[pri:4, instance:com.spotify.tests.PlaylistTest@234a8f27]" started-at="2023-07-15T08:29:15 IST" name="shouldNotBeAbleToCreatePlaylist" finished-at="2023-07-15T08:29:16 IST" duration-ms="843" status="PASS">
          <reporter-output>
          </reporter-output>
        </test-method> <!-- shouldNotBeAbleToCreatePlaylist -->
      </class> <!-- com.spotify.tests.PlaylistTest -->
    </test> <!-- Default test -->
  </suite> <!-- Default suite -->
</testng-results>
